# JRE version: OpenJDK Runtime Environment Temurin-21.0.3+9 (21.0.3+9) (build 21.0.3+9-LTS)
# Java VM: OpenJDK 64-Bit Server VM Temurin-21.0.3+9 (21.0.3+9-LTS, mixed mode, emulated-client, sharing, tiered, compressed oops, compressed class ptrs, g1 gc, windows-amd64)
GC Precious Log:
 CardTable entry size: 512
 Card Set container configuration: InlinePtr #cards 4 size 8 Array Of Cards #cards 16 size 48 Howl #buckets 8 coarsen threshold 3686 Howl Bitmap #cards 512 size 80 coarsen threshold 460 Card regions per heap region 1 cards per card region 4096
 CPUs: 8 total, 8 available
 Memory: 16220M
 Large Page Support: Disabled
 NUMA Support: Disabled
 Compressed Oops: Enabled (Zero based)
 Heap Region Size: 2M
 Heap Min Capacity: 8M
 Heap Initial Capacity: 254M
 Heap Max Capacity: 4056M
 Pre-touch: Disabled
 Parallel Workers: 8
 Concurrent Workers: 2
 Concurrent Refinement Workers: 8
 Periodic GC: Disabled
Heap:
 garbage-first heap   total 83968K, used 26413K [0x0000000702800000, 0x0000000800000000)
  region size 2048K, 3 young (6144K), 2 survivors (4096K)
 Metaspace       used 58524K, committed 59200K, reserved 1114112K
  class space    used 8391K, committed 8704K, reserved 1048576K
GC Heap History (18 events):
Event: 0.368 GC heap before
{Heap before GC invocations=0 (full 0):
 garbage-first heap   total 260096K, used 20480K [0x0000000702800000, 0x0000000800000000)
  region size 2048K, 11 young (22528K), 0 survivors (0K)
 Metaspace       used 4053K, committed 4288K, reserved 1114112K
  class space    used 541K, committed 640K, reserved 1048576K
}
Event: 0.371 GC heap after
{Heap after GC invocations=1 (full 0):
 garbage-first heap   total 260096K, used 7100K [0x0000000702800000, 0x0000000800000000)
  region size 2048K, 2 young (4096K), 2 survivors (4096K)
 Metaspace       used 4053K, committed 4288K, reserved 1114112K
  class space    used 541K, committed 640K, reserved 1048576K
}
Event: 0.661 GC heap before
{Heap before GC invocations=1 (full 0):
 garbage-first heap   total 260096K, used 33724K [0x0000000702800000, 0x0000000800000000)
  region size 2048K, 15 young (30720K), 2 survivors (4096K)
 Metaspace       used 9950K, committed 10304K, reserved 1114112K
  class space    used 1437K, committed 1600K, reserved 1048576K
}
Event: 0.665 GC heap after
{Heap after GC invocations=2 (full 0):
 garbage-first heap   total 260096K, used 9291K [0x0000000702800000, 0x0000000800000000)
  region size 2048K, 1 young (2048K), 1 survivors (2048K)
 Metaspace       used 9950K, committed 10304K, reserved 1114112K
  class space    used 1437K, committed 1600K, reserved 1048576K
}
Event: 1.074 GC heap before
{Heap before GC invocations=2 (full 0):
 garbage-first heap   total 260096K, used 66635K [0x0000000702800000, 0x0000000800000000)
  region size 2048K, 31 young (63488K), 1 survivors (2048K)
 Metaspace       used 20720K, committed 21120K, reserved 1114112K
  class space    used 2878K, committed 3072K, reserved 1048576K
}
Event: 1.079 GC heap after
{Heap after GC invocations=3 (full 0):
 garbage-first heap   total 260096K, used 15260K [0x0000000702800000, 0x0000000800000000)
  region size 2048K, 4 young (8192K), 4 survivors (8192K)
 Metaspace       used 20720K, committed 21120K, reserved 1114112K
  class space    used 2878K, committed 3072K, reserved 1048576K
}
Event: 1.479 GC heap before
{Heap before GC invocations=4 (full 0):
 garbage-first heap   total 69632K, used 48028K [0x0000000702800000, 0x0000000800000000)
  region size 2048K, 20 young (40960K), 4 survivors (8192K)
 Metaspace       used 24382K, committed 24768K, reserved 1114112K
  class space    used 3415K, committed 3584K, reserved 1048576K
}
Event: 1.487 GC heap after
{Heap after GC invocations=5 (full 0):
 garbage-first heap   total 69632K, used 17155K [0x0000000702800000, 0x0000000800000000)
  region size 2048K, 2 young (4096K), 2 survivors (4096K)
 Metaspace       used 24382K, committed 24768K, reserved 1114112K
  class space    used 3415K, committed 3584K, reserved 1048576K
}
Event: 2.039 GC heap before
{Heap before GC invocations=5 (full 0):
 garbage-first heap   total 69632K, used 49923K [0x0000000702800000, 0x0000000800000000)
  region size 2048K, 18 young (36864K), 2 survivors (4096K)
 Metaspace       used 30174K, committed 30656K, reserved 1114112K
  class space    used 4243K, committed 4480K, reserved 1048576K
}
Event: 2.046 GC heap after
{Heap after GC invocations=6 (full 0):
 garbage-first heap   total 69632K, used 20701K [0x0000000702800000, 0x0000000800000000)
  region size 2048K, 3 young (6144K), 3 survivors (6144K)
 Metaspace       used 30174K, committed 30656K, reserved 1114112K
  class space    used 4243K, committed 4480K, reserved 1048576K
}
Event: 2.363 GC heap before
{Heap before GC invocations=6 (full 0):
 garbage-first heap   total 69632K, used 45277K [0x0000000702800000, 0x0000000800000000)
  region size 2048K, 16 young (32768K), 3 survivors (6144K)
 Metaspace       used 34707K, committed 35200K, reserved 1114112K
  class space    used 4898K, committed 5120K, reserved 1048576K
}
Event: 2.370 GC heap after
{Heap after GC invocations=7 (full 0):
 garbage-first heap   total 83968K, used 22325K [0x0000000702800000, 0x0000000800000000)
  region size 2048K, 3 young (6144K), 3 survivors (6144K)
 Metaspace       used 34707K, committed 35200K, reserved 1114112K
  class space    used 4898K, committed 5120K, reserved 1048576K
}
Event: 2.913 GC heap before
{Heap before GC invocations=8 (full 0):
 garbage-first heap   total 83968K, used 65333K [0x0000000702800000, 0x0000000800000000)
  region size 2048K, 24 young (49152K), 3 survivors (6144K)
 Metaspace       used 45108K, committed 45632K, reserved 1114112K
  class space    used 6385K, committed 6592K, reserved 1048576K
}
Event: 2.921 GC heap after
{Heap after GC invocations=9 (full 0):
 garbage-first heap   total 83968K, used 24007K [0x0000000702800000, 0x0000000800000000)
  region size 2048K, 2 young (4096K), 2 survivors (4096K)
 Metaspace       used 45108K, committed 45632K, reserved 1114112K
  class space    used 6385K, committed 6592K, reserved 1048576K
}
Event: 3.489 GC heap before
{Heap before GC invocations=9 (full 0):
 garbage-first heap   total 83968K, used 69063K [0x0000000702800000, 0x0000000800000000)
  region size 2048K, 24 young (49152K), 2 survivors (4096K)
 Metaspace       used 56238K, committed 56832K, reserved 1114112K
  class space    used 8112K, committed 8320K, reserved 1048576K
}
Event: 3.498 GC heap after
{Heap after GC invocations=10 (full 0):
 garbage-first heap   total 83968K, used 25577K [0x0000000702800000, 0x0000000800000000)
  region size 2048K, 3 young (6144K), 3 survivors (6144K)
 Metaspace       used 56238K, committed 56832K, reserved 1114112K
  class space    used 8112K, committed 8320K, reserved 1048576K
}
Event: 3.616 GC heap before
{Heap before GC invocations=10 (full 0):
 garbage-first heap   total 83968K, used 35817K [0x0000000702800000, 0x0000000800000000)
  region size 2048K, 9 young (18432K), 3 survivors (6144K)
 Metaspace       used 58475K, committed 59136K, reserved 1114112K
  class space    used 8379K, committed 8704K, reserved 1048576K
}
Event: 3.622 GC heap after
{Heap after GC invocations=11 (full 0):
 garbage-first heap   total 83968K, used 26413K [0x0000000702800000, 0x0000000800000000)
  region size 2048K, 2 young (4096K), 2 survivors (4096K)
 Metaspace       used 58475K, committed 59136K, reserved 1114112K
  class space    used 8379K, committed 8704K, reserved 1048576K
}

